[  1284.827] (--) Log file renamed from "/home/suhamohammed/.local/share/xorg/Xorg.pid-1721.log" to "/home/suhamohammed/.local/share/xorg/Xorg.0.log"
[  1284.827] 
X.Org X Server 1.20.9
X Protocol Version 11, Revision 0
[  1284.827] Build Operating System: Linux 4.15.0-130-generic x86_64 Ubuntu
[  1284.827] Current Operating System: Linux userhp 5.8.0-45-generic #51~20.04.1-Ubuntu SMP Tue Feb 23 13:46:31 UTC 2021 x86_64
[  1284.827] Kernel command line: BOOT_IMAGE=/boot/vmlinuz-5.8.0-45-generic root=UUID=2fa8e018-8570-4266-a92e-94c537acd250 ro quiet splash vt.handoff=7
[  1284.827] Build Date: 17 January 2021  09:13:31AM
[  1284.827] xorg-server 2:1.20.9-2ubuntu1.2~20.04.1 (For technical support please see http://www.ubuntu.com/support) 
[  1284.827] Current version of pixman: 0.38.4
[  1284.828] 	Before reporting problems, check http://wiki.x.org
	to make sure that you have the latest version.
[  1284.828] Markers: (--) probed, (**) from config file, (==) default setting,
	(++) from command line, (!!) notice, (II) informational,
	(WW) warning, (EE) error, (NI) not implemented, (??) unknown.
[  1284.828] (==) Log file: "/home/suhamohammed/.local/share/xorg/Xorg.0.log", Time: Sat Mar 20 11:36:36 2021
[  1285.025] (==) Using system config directory "/usr/share/X11/xorg.conf.d"
[  1285.106] (==) No Layout section.  Using the first Screen section.
[  1285.106] (==) No screen section available. Using defaults.
[  1285.106] (**) |-->Screen "Default Screen Section" (0)
[  1285.106] (**) |   |-->Monitor "<default monitor>"
[  1285.108] (==) No monitor specified for screen "Default Screen Section".
	Using a default monitor configuration.
[  1285.108] (==) Automatically adding devices
[  1285.108] (==) Automatically enabling devices
[  1285.108] (==) Automatically adding GPU devices
[  1285.108] (==) Automatically binding GPU devices
[  1285.108] (==) Max clients allowed: 256, resource mask: 0x1fffff
[  1285.108] (WW) The directory "/usr/share/fonts/X11/cyrillic" does not exist.
[  1285.108] 	Entry deleted from font path.
[  1285.108] (WW) The directory "/usr/share/fonts/X11/100dpi/" does not exist.
[  1285.108] 	Entry deleted from font path.
[  1285.108] (WW) The directory "/usr/share/fonts/X11/75dpi/" does not exist.
[  1285.108] 	Entry deleted from font path.
[  1285.108] (WW) The directory "/usr/share/fonts/X11/100dpi" does not exist.
[  1285.108] 	Entry deleted from font path.
[  1285.108] (WW) The directory "/usr/share/fonts/X11/75dpi" does not exist.
[  1285.108] 	Entry deleted from font path.
[  1285.108] (==) FontPath set to:
	/usr/share/fonts/X11/misc,
	/usr/share/fonts/X11/Type1,
	built-ins
[  1285.108] (==) ModulePath set to "/usr/lib/xorg/modules"
[  1285.109] (II) The server relies on udev to provide the list of input devices.
	If no devices become available, reconfigure udev or disable AutoAddDevices.
[  1285.109] (II) Loader magic: 0x55faf0028020
[  1285.109] (II) Module ABI versions:
[  1285.109] 	X.Org ANSI C Emulation: 0.4
[  1285.109] 	X.Org Video Driver: 24.1
[  1285.109] 	X.Org XInput driver : 24.1
[  1285.109] 	X.Org Server Extension : 10.0
[  1285.111] (++) using VT number 2

[  1285.117] (II) systemd-logind: took control of session /org/freedesktop/login1/session/_34
[  1285.120] (II) xfree86: Adding drm device (/dev/dri/card0)
[  1285.122] (II) systemd-logind: got fd for /dev/dri/card0 226:0 fd 12 paused 0
[  1285.123] (II) xfree86: Adding drm device (/dev/dri/card1)
[  1285.126] (II) systemd-logind: got fd for /dev/dri/card1 226:1 fd 13 paused 0
[  1285.133] (--) PCI:*(0@0:2:0) 8086:5917:103c:837d rev 7, Mem @ 0x1ffe000000/16777216, 0xd0000000/268435456, I/O @ 0x00005000/64, BIOS @ 0x????????/131072
[  1285.134] (--) PCI: (1@0:0:0) 10de:134e:103c:83a1 rev 162, Mem @ 0xf2000000/16777216, 0xe0000000/268435456, 0xf0000000/33554432, I/O @ 0x00004000/128
[  1285.135] (II) LoadModule: "glx"
[  1285.712] (II) Loading /usr/lib/xorg/modules/extensions/libglx.so
[  1285.840] (II) Module glx: vendor="X.Org Foundation"
[  1285.840] 	compiled for 1.20.9, module version = 1.0.0
[  1285.840] 	ABI class: X.Org Server Extension, version 10.0
[  1285.905] (==) Matched modesetting as autoconfigured driver 0
[  1285.905] (==) Matched fbdev as autoconfigured driver 1
[  1285.905] (==) Matched vesa as autoconfigured driver 2
[  1285.905] (==) Assigned the driver to the xf86ConfigLayout
[  1285.906] (II) LoadModule: "modesetting"
[  1286.017] (II) Loading /usr/lib/xorg/modules/drivers/modesetting_drv.so
[  1286.108] (II) Module modesetting: vendor="X.Org Foundation"
[  1286.108] 	compiled for 1.20.9, module version = 1.20.9
[  1286.108] 	Module class: X.Org Video Driver
[  1286.108] 	ABI class: X.Org Video Driver, version 24.1
[  1286.108] (II) LoadModule: "fbdev"
[  1286.108] (II) Loading /usr/lib/xorg/modules/drivers/fbdev_drv.so
[  1286.113] (II) Module fbdev: vendor="X.Org Foundation"
[  1286.113] 	compiled for 1.20.1, module version = 0.5.0
[  1286.113] 	Module class: X.Org Video Driver
[  1286.113] 	ABI class: X.Org Video Driver, version 24.0
[  1286.113] (II) LoadModule: "vesa"
[  1286.114] (II) Loading /usr/lib/xorg/modules/drivers/vesa_drv.so
[  1286.233] (II) Module vesa: vendor="X.Org Foundation"
[  1286.233] 	compiled for 1.20.4, module version = 2.4.0
[  1286.233] 	Module class: X.Org Video Driver
[  1286.233] 	ABI class: X.Org Video Driver, version 24.0
[  1286.233] (II) modesetting: Driver for Modesetting Kernel Drivers: kms
[  1286.233] (II) FBDEV: driver for framebuffer: fbdev
[  1286.233] (II) VESA: driver for VESA chipsets: vesa
[  1286.233] xf86EnableIOPorts: failed to set IOPL for I/O (Operation not permitted)
[  1286.233] (II) modeset(0): using drv /dev/dri/card0
[  1286.233] (WW) Falling back to old probe method for fbdev
[  1286.233] (II) Loading sub module "fbdevhw"
[  1286.233] (II) LoadModule: "fbdevhw"
[  1286.234] (II) Loading /usr/lib/xorg/modules/libfbdevhw.so
[  1286.243] (II) Module fbdevhw: vendor="X.Org Foundation"
[  1286.243] 	compiled for 1.20.9, module version = 0.0.2
[  1286.243] 	ABI class: X.Org Video Driver, version 24.1
[  1286.243] (EE) open /dev/fb0: Permission denied
[  1286.243] (II) modeset(G0): using drv /dev/dri/card1
[  1286.243] (WW) VGA arbiter: cannot open kernel arbiter, no multi-card support
[  1286.244] (II) modeset(0): Creating default Display subsection in Screen section
	"Default Screen Section" for depth/fbbpp 24/32
[  1286.244] (==) modeset(0): Depth 24, (==) framebuffer bpp 32
[  1286.244] (==) modeset(0): RGB weight 888
[  1286.244] (==) modeset(0): Default visual is TrueColor
[  1286.244] (II) Loading sub module "glamoregl"
[  1286.244] (II) LoadModule: "glamoregl"
[  1286.244] (II) Loading /usr/lib/xorg/modules/libglamoregl.so
[  1286.256] (II) Module glamoregl: vendor="X.Org Foundation"
[  1286.256] 	compiled for 1.20.9, module version = 1.0.1
[  1286.256] 	ABI class: X.Org ANSI C Emulation, version 0.4
[  1286.362] (II) modeset(0): glamor X acceleration enabled on Mesa Intel(R) UHD Graphics 620 (KBL GT2)
[  1286.363] (II) modeset(0): glamor initialized
[  1286.364] (II) modeset(0): Output eDP-1 has no monitor section
[  1286.367] (II) modeset(0): Output HDMI-1 has no monitor section
[  1286.368] (II) modeset(0): Output DP-1 has no monitor section
[  1286.371] (II) modeset(0): Output HDMI-2 has no monitor section
[  1286.372] (II) modeset(0): EDID for output eDP-1
[  1286.372] (II) modeset(0): Manufacturer: AUO  Model: 41ed  Serial#: 0
[  1286.372] (II) modeset(0): Year: 2015  Week: 0
[  1286.372] (II) modeset(0): EDID Version: 1.4
[  1286.372] (II) modeset(0): Digital Display Input
[  1286.373] (II) modeset(0): 6 bits per channel
[  1286.373] (II) modeset(0): Digital interface is DisplayPort
[  1286.373] (II) modeset(0): Max Image Size [cm]: horiz.: 34  vert.: 19
[  1286.373] (II) modeset(0): Gamma: 2.20
[  1286.373] (II) modeset(0): No DPMS capabilities specified
[  1286.373] (II) modeset(0): Supported color encodings: RGB 4:4:4 
[  1286.373] (II) modeset(0): First detailed timing is preferred mode
[  1286.373] (II) modeset(0): Preferred mode is native pixel format and refresh rate
[  1286.373] (II) modeset(0): redX: 0.582 redY: 0.346   greenX: 0.351 greenY: 0.576
[  1286.373] (II) modeset(0): blueX: 0.162 blueY: 0.145   whiteX: 0.327 whiteY: 0.354
[  1286.373] (II) modeset(0): Manufacturer's mask: 0
[  1286.373] (II) modeset(0): Supported detailed timing:
[  1286.373] (II) modeset(0): clock: 141.0 MHz   Image Size:  344 x 193 mm
[  1286.373] (II) modeset(0): h_active: 1920  h_sync: 2028  h_sync_end 2076 h_blank_end 2100 h_border: 0
[  1286.373] (II) modeset(0): v_active: 1080  v_sync: 1090  v_sync_end 1100 v_blanking: 1118 v_border: 0
[  1286.373] (II) modeset(0): Supported detailed timing:
[  1286.373] (II) modeset(0): clock: 94.0 MHz   Image Size:  344 x 193 mm
[  1286.373] (II) modeset(0): h_active: 1920  h_sync: 2028  h_sync_end 2076 h_blank_end 2100 h_border: 0
[  1286.373] (II) modeset(0): v_active: 1080  v_sync: 1090  v_sync_end 1100 v_blanking: 1118 v_border: 0
[  1286.373] (II) modeset(0): Unknown vendor-specific block 2
[  1286.373] (II) modeset(0): EDID (in hex):
[  1286.373] (II) modeset(0): 	00ffffffffffff0006afed4100000000
[  1286.373] (II) modeset(0): 	0019010495221378022e8e9558599329
[  1286.373] (II) modeset(0): 	25535a00000001010101010101010101
[  1286.373] (II) modeset(0): 	010101010101143780b4703826406c30
[  1286.373] (II) modeset(0): 	aa0058c110000018b82480b470382640
[  1286.373] (II) modeset(0): 	6c30aa0058c110000018000000000000
[  1286.373] (II) modeset(0): 	00000000000000000000000000000002
[  1286.373] (II) modeset(0): 	001048ff0f3c6e1e14216e2020200035
[  1286.374] (II) modeset(0): Printing probed modes for output eDP-1
[  1286.374] (II) modeset(0): Modeline "1920x1080"x60.1  141.00  1920 2028 2076 2100  1080 1090 1100 1118 -hsync -vsync (67.1 kHz eP)
[  1286.374] (II) modeset(0): Modeline "1920x1080"x120.0  356.38  1920 2080 2288 2656  1080 1081 1084 1118 doublescan -hsync +vsync (134.2 kHz d)
[  1286.374] (II) modeset(0): Modeline "1920x1080"x119.9  266.50  1920 1944 1960 2000  1080 1081 1084 1111 doublescan +hsync -vsync (133.2 kHz d)
[  1286.374] (II) modeset(0): Modeline "1920x1080"x60.0  173.00  1920 2048 2248 2576  1080 1083 1088 1120 -hsync +vsync (67.2 kHz d)
[  1286.374] (II) modeset(0): Modeline "1920x1080"x59.9  138.50  1920 1968 2000 2080  1080 1083 1088 1111 +hsync -vsync (66.6 kHz d)
[  1286.374] (II) modeset(0): Modeline "1920x1080"x40.0   94.00  1920 2028 2076 2100  1080 1090 1100 1118 -hsync -vsync (44.8 kHz e)
[  1286.374] (II) modeset(0): Modeline "1680x1050"x60.0  146.25  1680 1784 1960 2240  1050 1053 1059 1089 -hsync +vsync (65.3 kHz d)
[  1286.374] (II) modeset(0): Modeline "1680x1050"x59.9  119.00  1680 1728 1760 1840  1050 1053 1059 1080 +hsync -vsync (64.7 kHz d)
[  1286.374] (II) modeset(0): Modeline "1600x1024"x60.2  103.12  1600 1600 1656 1664  1024 1024 1029 1030 +hsync +vsync (62.0 kHz d)
[  1286.374] (II) modeset(0): Modeline "1400x1050"x60.0  122.00  1400 1488 1640 1880  1050 1052 1064 1082 +hsync +vsync (64.9 kHz d)
[  1286.374] (II) modeset(0): Modeline "1600x900"x120.0  246.00  1600 1728 1900 2200  900 901 904 932 doublescan -hsync +vsync (111.8 kHz d)
[  1286.374] (II) modeset(0): Modeline "1600x900"x119.9  186.50  1600 1624 1640 1680  900 901 904 926 doublescan +hsync -vsync (111.0 kHz d)
[  1286.374] (II) modeset(0): Modeline "1600x900"x59.9  118.25  1600 1696 1856 2112  900 903 908 934 -hsync +vsync (56.0 kHz d)
[  1286.374] (II) modeset(0): Modeline "1600x900"x59.8   97.50  1600 1648 1680 1760  900 903 908 926 +hsync -vsync (55.4 kHz d)
[  1286.374] (II) modeset(0): Modeline "1280x1024"x60.0  108.00  1280 1328 1440 1688  1024 1025 1028 1066 +hsync +vsync (64.0 kHz d)
[  1286.374] (II) modeset(0): Modeline "1440x900"x59.9  106.50  1440 1520 1672 1904  900 903 909 934 -hsync +vsync (55.9 kHz d)
[  1286.374] (II) modeset(0): Modeline "1400x900"x60.0  103.50  1400 1480 1624 1848  900 903 913 934 -hsync +vsync (56.0 kHz d)
[  1286.374] (II) modeset(0): Modeline "1400x900"x59.9   86.50  1400 1448 1480 1560  900 903 913 926 +hsync -vsync (55.4 kHz d)
[  1286.374] (II) modeset(0): Modeline "1280x960"x60.0  108.00  1280 1376 1488 1800  960 961 964 1000 +hsync +vsync (60.0 kHz d)
[  1286.374] (II) modeset(0): Modeline "1440x810"x120.0  198.12  1440 1548 1704 1968  810 811 814 839 doublescan -hsync +vsync (100.7 kHz d)
[  1286.374] (II) modeset(0): Modeline "1440x810"x119.9  151.88  1440 1464 1480 1520  810 811 814 833 doublescan +hsync -vsync (99.9 kHz d)
[  1286.374] (II) modeset(0): Modeline "1368x768"x59.9   85.25  1368 1440 1576 1784  768 771 781 798 -hsync +vsync (47.8 kHz d)
[  1286.374] (II) modeset(0): Modeline "1368x768"x59.9   72.25  1368 1416 1448 1528  768 771 781 790 +hsync -vsync (47.3 kHz d)
[  1286.374] (II) modeset(0): Modeline "1360x768"x59.8   84.75  1360 1432 1568 1776  768 771 781 798 -hsync +vsync (47.7 kHz d)
[  1286.374] (II) modeset(0): Modeline "1360x768"x60.0   72.00  1360 1408 1440 1520  768 771 781 790 +hsync -vsync (47.4 kHz d)
[  1286.374] (II) modeset(0): Modeline "1280x800"x120.0  174.25  1280 1380 1516 1752  800 801 804 829 doublescan -hsync +vsync (99.5 kHz d)
[  1286.374] (II) modeset(0): Modeline "1280x800"x119.9  134.25  1280 1304 1320 1360  800 801 804 823 doublescan +hsync -vsync (98.7 kHz d)
[  1286.374] (II) modeset(0): Modeline "1280x800"x59.8   83.50  1280 1352 1480 1680  800 803 809 831 -hsync +vsync (49.7 kHz d)
[  1286.374] (II) modeset(0): Modeline "1280x800"x59.9   71.00  1280 1328 1360 1440  800 803 809 823 +hsync -vsync (49.3 kHz d)
[  1286.375] (II) modeset(0): Modeline "1152x864"x60.0   81.62  1152 1216 1336 1520  864 865 868 895 -hsync +vsync (53.7 kHz d)
[  1286.375] (II) modeset(0): Modeline "1280x720"x120.0  156.12  1280 1376 1512 1744  720 721 724 746 doublescan -hsync +vsync (89.5 kHz d)
[  1286.375] (II) modeset(0): Modeline "1280x720"x120.0  120.75  1280 1304 1320 1360  720 721 724 740 doublescan +hsync -vsync (88.8 kHz d)
[  1286.375] (II) modeset(0): Modeline "1280x720"x59.9   74.50  1280 1344 1472 1664  720 723 728 748 -hsync +vsync (44.8 kHz d)
[  1286.375] (II) modeset(0): Modeline "1280x720"x59.7   63.75  1280 1328 1360 1440  720 723 728 741 +hsync -vsync (44.3 kHz d)
[  1286.375] (II) modeset(0): Modeline "1024x768"x120.1  133.47  1024 1100 1212 1400  768 768 770 794 doublescan -hsync +vsync (95.3 kHz d)
[  1286.375] (II) modeset(0): Modeline "1024x768"x60.0   65.00  1024 1048 1184 1344  768 771 777 806 -hsync -vsync (48.4 kHz d)
[  1286.375] (II) modeset(0): Modeline "960x720"x120.0  117.00  960 1024 1128 1300  720 720 722 750 doublescan -hsync +vsync (90.0 kHz d)
[  1286.375] (II) modeset(0): Modeline "928x696"x120.1  109.15  928 976 1088 1264  696 696 698 719 doublescan -hsync +vsync (86.4 kHz d)
[  1286.375] (II) modeset(0): Modeline "896x672"x120.0  102.40  896 960 1060 1224  672 672 674 697 doublescan -hsync +vsync (83.7 kHz d)
[  1286.375] (II) modeset(0): Modeline "1024x576"x119.9   98.50  1024 1092 1200 1376  576 577 580 597 doublescan -hsync +vsync (71.6 kHz d)
[  1286.375] (II) modeset(0): Modeline "1024x576"x119.9   78.38  1024 1048 1064 1104  576 577 580 592 doublescan +hsync -vsync (71.0 kHz d)
[  1286.375] (II) modeset(0): Modeline "1024x576"x59.9   46.50  1024 1064 1160 1296  576 579 584 599 -hsync +vsync (35.9 kHz d)
[  1286.375] (II) modeset(0): Modeline "1024x576"x59.8   42.00  1024 1072 1104 1184  576 579 584 593 +hsync -vsync (35.5 kHz d)
[  1286.375] (II) modeset(0): Modeline "960x600"x119.9   96.62  960 1028 1128 1296  600 601 604 622 doublescan -hsync +vsync (74.6 kHz d)
[  1286.375] (II) modeset(0): Modeline "960x600"x120.0   77.00  960 984 1000 1040  600 601 604 617 doublescan +hsync -vsync (74.0 kHz d)
[  1286.375] (II) modeset(0): Modeline "960x540"x119.9   86.50  960 1024 1124 1288  540 541 544 560 doublescan -hsync +vsync (67.2 kHz d)
[  1286.375] (II) modeset(0): Modeline "960x540"x120.0   69.25  960 984 1000 1040  540 541 544 555 doublescan +hsync -vsync (66.6 kHz d)
[  1286.375] (II) modeset(0): Modeline "960x540"x59.6   40.75  960 992 1088 1216  540 543 548 562 -hsync +vsync (33.5 kHz d)
[  1286.375] (II) modeset(0): Modeline "960x540"x59.8   37.25  960 1008 1040 1120  540 543 548 556 +hsync -vsync (33.3 kHz d)
[  1286.375] (II) modeset(0): Modeline "800x600"x120.0   81.00  800 832 928 1080  600 600 602 625 doublescan +hsync +vsync (75.0 kHz d)
[  1286.375] (II) modeset(0): Modeline "800x600"x60.3   40.00  800 840 968 1056  600 601 605 628 +hsync +vsync (37.9 kHz d)
[  1286.375] (II) modeset(0): Modeline "800x600"x56.2   36.00  800 824 896 1024  600 601 603 625 +hsync +vsync (35.2 kHz d)
[  1286.375] (II) modeset(0): Modeline "840x525"x120.0   73.12  840 892 980 1120  525 526 529 544 doublescan -hsync +vsync (65.3 kHz d)
[  1286.375] (II) modeset(0): Modeline "840x525"x119.8   59.50  840 864 880 920  525 526 529 540 doublescan +hsync -vsync (64.7 kHz d)
[  1286.375] (II) modeset(0): Modeline "864x486"x59.9   32.50  864 888 968 1072  486 489 494 506 -hsync +vsync (30.3 kHz d)
[  1286.375] (II) modeset(0): Modeline "864x486"x59.6   30.50  864 912 944 1024  486 489 494 500 +hsync -vsync (29.8 kHz d)
[  1286.375] (II) modeset(0): Modeline "800x512"x120.3   51.56  800 800 828 832  512 512 514 515 doublescan +hsync +vsync (62.0 kHz d)
[  1286.375] (II) modeset(0): Modeline "700x525"x120.0   61.00  700 744 820 940  525 526 532 541 doublescan +hsync +vsync (64.9 kHz d)
[  1286.375] (II) modeset(0): Modeline "800x450"x119.9   59.12  800 848 928 1056  450 451 454 467 doublescan -hsync +vsync (56.0 kHz d)
[  1286.375] (II) modeset(0): Modeline "800x450"x119.6   48.75  800 824 840 880  450 451 454 463 doublescan +hsync -vsync (55.4 kHz d)
[  1286.375] (II) modeset(0): Modeline "640x512"x120.0   54.00  640 664 720 844  512 512 514 533 doublescan +hsync +vsync (64.0 kHz d)
[  1286.375] (II) modeset(0): Modeline "720x450"x119.8   53.25  720 760 836 952  450 451 454 467 doublescan -hsync +vsync (55.9 kHz d)
[  1286.375] (II) modeset(0): Modeline "700x450"x119.9   51.75  700 740 812 924  450 451 456 467 doublescan -hsync +vsync (56.0 kHz d)
[  1286.375] (II) modeset(0): Modeline "700x450"x119.8   43.25  700 724 740 780  450 451 456 463 doublescan +hsync -vsync (55.4 kHz d)
[  1286.375] (II) modeset(0): Modeline "640x480"x120.0   54.00  640 688 744 900  480 480 482 500 doublescan +hsync +vsync (60.0 kHz d)
[  1286.375] (II) modeset(0): Modeline "640x480"x59.9   25.18  640 656 752 800  480 490 492 525 -hsync -vsync (31.5 kHz d)
[  1286.375] (II) modeset(0): Modeline "720x405"x59.5   22.50  720 744 808 896  405 408 413 422 -hsync +vsync (25.1 kHz d)
[  1286.375] (II) modeset(0): Modeline "720x405"x59.0   21.75  720 768 800 880  405 408 413 419 +hsync -vsync (24.7 kHz d)
[  1286.375] (II) modeset(0): Modeline "684x384"x119.8   42.62  684 720 788 892  384 385 390 399 doublescan -hsync +vsync (47.8 kHz d)
[  1286.375] (II) modeset(0): Modeline "684x384"x119.7   36.12  684 708 724 764  384 385 390 395 doublescan +hsync -vsync (47.3 kHz d)
[  1286.376] (II) modeset(0): Modeline "680x384"x119.6   42.38  680 716 784 888  384 385 390 399 doublescan -hsync +vsync (47.7 kHz d)
[  1286.376] (II) modeset(0): Modeline "680x384"x119.9   36.00  680 704 720 760  384 385 390 395 doublescan +hsync -vsync (47.4 kHz d)
[  1286.376] (II) modeset(0): Modeline "640x400"x119.8   41.75  640 676 740 840  400 401 404 415 doublescan -hsync +vsync (49.7 kHz d)
[  1286.376] (II) modeset(0): Modeline "640x400"x120.0   35.50  640 664 680 720  400 401 404 411 doublescan +hsync -vsync (49.3 kHz d)
[  1286.376] (II) modeset(0): Modeline "576x432"x120.1   40.81  576 608 668 760  432 432 434 447 doublescan -hsync +vsync (53.7 kHz d)
[  1286.376] (II) modeset(0): Modeline "640x360"x119.7   37.25  640 672 736 832  360 361 364 374 doublescan -hsync +vsync (44.8 kHz d)
[  1286.376] (II) modeset(0): Modeline "640x360"x119.7   31.88  640 664 680 720  360 361 364 370 doublescan +hsync -vsync (44.3 kHz d)
[  1286.376] (II) modeset(0): Modeline "640x360"x59.8   18.00  640 664 720 800  360 363 368 376 -hsync +vsync (22.5 kHz d)
[  1286.376] (II) modeset(0): Modeline "640x360"x59.3   17.75  640 688 720 800  360 363 368 374 +hsync -vsync (22.2 kHz d)
[  1286.376] (II) modeset(0): Modeline "512x384"x120.0   32.50  512 524 592 672  384 385 388 403 doublescan -hsync -vsync (48.4 kHz d)
[  1286.376] (II) modeset(0): Modeline "512x288"x120.0   23.25  512 532 580 648  288 289 292 299 doublescan -hsync +vsync (35.9 kHz d)
[  1286.376] (II) modeset(0): Modeline "512x288"x119.8   21.00  512 536 552 592  288 289 292 296 doublescan +hsync -vsync (35.5 kHz d)
[  1286.376] (II) modeset(0): Modeline "480x270"x119.3   20.38  480 496 544 608  270 271 274 281 doublescan -hsync +vsync (33.5 kHz d)
[  1286.376] (II) modeset(0): Modeline "480x270"x119.6   18.62  480 504 520 560  270 271 274 278 doublescan +hsync -vsync (33.3 kHz d)
[  1286.376] (II) modeset(0): Modeline "400x300"x120.6   20.00  400 420 484 528  300 300 302 314 doublescan +hsync +vsync (37.9 kHz d)
[  1286.376] (II) modeset(0): Modeline "400x300"x112.7   18.00  400 412 448 512  300 300 301 312 doublescan +hsync +vsync (35.2 kHz d)
[  1286.376] (II) modeset(0): Modeline "432x243"x119.8   16.25  432 444 484 536  243 244 247 253 doublescan -hsync +vsync (30.3 kHz d)
[  1286.376] (II) modeset(0): Modeline "432x243"x119.1   15.25  432 456 472 512  243 244 247 250 doublescan +hsync -vsync (29.8 kHz d)
[  1286.376] (II) modeset(0): Modeline "320x240"x120.1   12.59  320 328 376 400  240 245 246 262 doublescan -hsync -vsync (31.5 kHz d)
[  1286.376] (II) modeset(0): Modeline "360x202"x119.0   11.25  360 372 404 448  202 204 206 211 doublescan -hsync +vsync (25.1 kHz d)
[  1286.376] (II) modeset(0): Modeline "360x202"x118.3   10.88  360 384 400 440  202 204 206 209 doublescan +hsync -vsync (24.7 kHz d)
[  1286.376] (II) modeset(0): Modeline "320x180"x119.7    9.00  320 332 360 400  180 181 184 188 doublescan -hsync +vsync (22.5 kHz d)
[  1286.376] (II) modeset(0): Modeline "320x180"x118.6    8.88  320 344 360 400  180 181 184 187 doublescan +hsync -vsync (22.2 kHz d)
[  1286.380] (II) modeset(0): EDID for output HDMI-1
[  1286.380] (II) modeset(0): EDID for output DP-1
[  1286.383] (II) modeset(0): EDID for output HDMI-2
[  1286.383] (II) modeset(0): Output eDP-1 connected
[  1286.383] (II) modeset(0): Output HDMI-1 disconnected
[  1286.383] (II) modeset(0): Output DP-1 disconnected
[  1286.383] (II) modeset(0): Output HDMI-2 disconnected
[  1286.383] (II) modeset(0): Using exact sizes for initial modes
[  1286.383] (II) modeset(0): Output eDP-1 using initial mode 1920x1080 +0+0
[  1286.383] (==) modeset(0): Using gamma correction (1.0, 1.0, 1.0)
[  1286.383] (==) modeset(0): DPI set to (96, 96)
[  1286.383] (II) Loading sub module "fb"
[  1286.383] (II) LoadModule: "fb"
[  1286.383] (II) Loading /usr/lib/xorg/modules/libfb.so
[  1286.399] (II) Module fb: vendor="X.Org Foundation"
[  1286.399] 	compiled for 1.20.9, module version = 1.0.0
[  1286.399] 	ABI class: X.Org ANSI C Emulation, version 0.4
[  1286.399] (==) modeset(G0): Depth 24, (==) framebuffer bpp 32
[  1286.399] (==) modeset(G0): RGB weight 888
[  1286.399] (==) modeset(G0): Default visual is TrueColor
[  1286.399] (II) Loading sub module "glamoregl"
[  1286.399] (II) LoadModule: "glamoregl"
[  1286.400] (II) Loading /usr/lib/xorg/modules/libglamoregl.so
[  1286.400] (II) Module glamoregl: vendor="X.Org Foundation"
[  1286.400] 	compiled for 1.20.9, module version = 1.0.1
[  1286.400] 	ABI class: X.Org ANSI C Emulation, version 0.4
[  1286.423] (II) modeset(G0): glamor X acceleration enabled on NV118
[  1286.423] (II) modeset(G0): glamor initialized
[  1286.423] (==) modeset(G0): Using gamma correction (1.0, 1.0, 1.0)
[  1286.423] (==) modeset(G0): DPI set to (96, 96)
[  1286.423] (II) Loading sub module "fb"
[  1286.423] (II) LoadModule: "fb"
[  1286.423] (II) Loading /usr/lib/xorg/modules/libfb.so
[  1286.423] (II) Module fb: vendor="X.Org Foundation"
[  1286.423] 	compiled for 1.20.9, module version = 1.0.0
[  1286.423] 	ABI class: X.Org ANSI C Emulation, version 0.4
[  1286.423] (II) UnloadModule: "fbdev"
[  1286.423] (II) Unloading fbdev
[  1286.424] (II) UnloadSubModule: "fbdevhw"
[  1286.424] (II) Unloading fbdevhw
[  1286.424] (II) UnloadModule: "vesa"
[  1286.424] (II) Unloading vesa
[  1287.149] (==) modeset(0): Backing store enabled
[  1287.149] (==) modeset(0): Silken mouse enabled
[  1287.228] (II) modeset(0): Initializing kms color map for depth 24, 8 bpc.
[  1287.228] (==) modeset(0): DPMS enabled
[  1287.229] (II) modeset(0): [DRI2] Setup complete
[  1287.229] (II) modeset(0): [DRI2]   DRI driver: iris
[  1287.229] (II) modeset(0): [DRI2]   VDPAU driver: va_gl
[  1287.477] (==) modeset(G0): Backing store enabled
[  1287.477] (==) modeset(G0): Silken mouse enabled
[  1287.477] (II) modeset(G0): Initializing kms color map for depth 24, 8 bpc.
[  1287.477] (==) modeset(G0): DPMS enabled
[  1287.477] (II) modeset(G0): [DRI2] Setup complete
[  1287.477] (II) modeset(G0): [DRI2]   DRI driver: nouveau
[  1287.477] (II) modeset(G0): [DRI2]   VDPAU driver: nouveau
[  1287.477] (II) Initializing extension Generic Event Extension
[  1287.477] (II) Initializing extension SHAPE
[  1287.477] (II) Initializing extension MIT-SHM
[  1287.478] (II) Initializing extension XInputExtension
[  1287.478] (II) Initializing extension XTEST
[  1287.479] (II) Initializing extension BIG-REQUESTS
[  1287.479] (II) Initializing extension SYNC
[  1287.479] (II) Initializing extension XKEYBOARD
[  1287.479] (II) Initializing extension XC-MISC
[  1287.480] (II) Initializing extension SECURITY
[  1287.480] (II) Initializing extension XFIXES
[  1287.480] (II) Initializing extension RENDER
[  1287.480] (II) Initializing extension RANDR
[  1287.481] (II) Initializing extension COMPOSITE
[  1287.481] (II) Initializing extension DAMAGE
[  1287.481] (II) Initializing extension MIT-SCREEN-SAVER
[  1287.482] (II) Initializing extension DOUBLE-BUFFER
[  1287.482] (II) Initializing extension RECORD
[  1287.482] (II) Initializing extension DPMS
[  1287.482] (II) Initializing extension Present
[  1287.482] (II) Initializing extension DRI3
[  1287.483] (II) Initializing extension X-Resource
[  1287.483] (II) Initializing extension XVideo
[  1287.483] (II) Initializing extension XVideo-MotionCompensation
[  1287.483] (II) Initializing extension SELinux
[  1287.483] (II) SELinux: Disabled on system
[  1287.483] (II) Initializing extension GLX
[  1287.494] (II) AIGLX: Loaded and initialized iris
[  1287.494] (II) GLX: Initialized DRI2 GL provider for screen 0
[  1287.494] (II) Initializing extension XFree86-VidModeExtension
[  1287.495] (II) Initializing extension XFree86-DGA
[  1287.495] (II) Initializing extension XFree86-DRI
[  1287.495] (II) Initializing extension DRI2
[  1287.511] (II) modeset(G0): Damage tracking initialized
[  1287.512] (II) modeset(0): Damage tracking initialized
[  1287.512] (II) modeset(0): Setting screen physical size to 508 x 285
[  1287.621] (II) config/udev: Adding input device Power Button (/dev/input/event2)
[  1287.621] (**) Power Button: Applying InputClass "libinput keyboard catchall"
[  1287.621] (II) LoadModule: "libinput"
[  1287.622] (II) Loading /usr/lib/xorg/modules/input/libinput_drv.so
[  1287.650] (II) Module libinput: vendor="X.Org Foundation"
[  1287.650] 	compiled for 1.20.4, module version = 0.29.0
[  1287.650] 	Module class: X.Org XInput Driver
[  1287.650] 	ABI class: X.Org XInput driver, version 24.1
[  1287.650] (II) Using input driver 'libinput' for 'Power Button'
[  1287.651] (II) systemd-logind: got fd for /dev/input/event2 13:66 fd 31 paused 0
[  1287.651] (**) Power Button: always reports core events
[  1287.651] (**) Option "Device" "/dev/input/event2"
[  1287.651] (**) Option "_source" "server/udev"
[  1287.654] (II) event2  - Power Button: is tagged by udev as: Keyboard
[  1287.654] (II) event2  - Power Button: device is a keyboard
[  1287.654] (II) event2  - Power Button: device removed
[  1287.654] (**) Option "config_info" "udev:/sys/devices/LNXSYSTM:00/LNXPWRBN:00/input/input2/event2"
[  1287.654] (II) XINPUT: Adding extended input device "Power Button" (type: KEYBOARD, id 6)
[  1287.654] (**) Option "xkb_model" "pc105"
[  1287.654] (**) Option "xkb_layout" "us"
[  1287.657] (II) event2  - Power Button: is tagged by udev as: Keyboard
[  1287.657] (II) event2  - Power Button: device is a keyboard
[  1287.658] (II) config/udev: Adding input device Video Bus (/dev/input/event10)
[  1287.658] (**) Video Bus: Applying InputClass "libinput keyboard catchall"
[  1287.658] (II) Using input driver 'libinput' for 'Video Bus'
[  1287.661] (II) systemd-logind: got fd for /dev/input/event10 13:74 fd 34 paused 0
[  1287.661] (**) Video Bus: always reports core events
[  1287.661] (**) Option "Device" "/dev/input/event10"
[  1287.661] (**) Option "_source" "server/udev"
[  1287.663] (II) event10 - Video Bus: is tagged by udev as: Keyboard
[  1287.663] (II) event10 - Video Bus: device is a keyboard
[  1287.663] (II) event10 - Video Bus: device removed
[  1287.663] (**) Option "config_info" "udev:/sys/devices/LNXSYSTM:00/LNXSYBUS:00/PNP0A08:00/LNXVIDEO:00/input/input21/event10"
[  1287.663] (II) XINPUT: Adding extended input device "Video Bus" (type: KEYBOARD, id 7)
[  1287.663] (**) Option "xkb_model" "pc105"
[  1287.663] (**) Option "xkb_layout" "us"
[  1287.665] (II) event10 - Video Bus: is tagged by udev as: Keyboard
[  1287.665] (II) event10 - Video Bus: device is a keyboard
[  1287.666] (II) config/udev: Adding input device Video Bus (/dev/input/event11)
[  1287.666] (**) Video Bus: Applying InputClass "libinput keyboard catchall"
[  1287.666] (II) Using input driver 'libinput' for 'Video Bus'
[  1287.668] (II) systemd-logind: got fd for /dev/input/event11 13:75 fd 35 paused 0
[  1287.668] (**) Video Bus: always reports core events
[  1287.668] (**) Option "Device" "/dev/input/event11"
[  1287.668] (**) Option "_source" "server/udev"
[  1287.670] (II) event11 - Video Bus: is tagged by udev as: Keyboard
[  1287.670] (II) event11 - Video Bus: device is a keyboard
[  1287.670] (II) event11 - Video Bus: device removed
[  1287.670] (**) Option "config_info" "udev:/sys/devices/LNXSYSTM:00/LNXSYBUS:00/PNP0A08:00/device:33/LNXVIDEO:01/input/input22/event11"
[  1287.670] (II) XINPUT: Adding extended input device "Video Bus" (type: KEYBOARD, id 8)
[  1287.670] (**) Option "xkb_model" "pc105"
[  1287.670] (**) Option "xkb_layout" "us"
[  1287.673] (II) event11 - Video Bus: is tagged by udev as: Keyboard
[  1287.673] (II) event11 - Video Bus: device is a keyboard
[  1287.674] (II) config/udev: Adding input device Lid Switch (/dev/input/event1)
[  1287.674] (II) No input driver specified, ignoring this device.
[  1287.674] (II) This device may have been added with another device file.
[  1287.675] (II) config/udev: Adding input device Sleep Button (/dev/input/event0)
[  1287.675] (**) Sleep Button: Applying InputClass "libinput keyboard catchall"
[  1287.675] (II) Using input driver 'libinput' for 'Sleep Button'
[  1287.676] (II) systemd-logind: got fd for /dev/input/event0 13:64 fd 36 paused 0
[  1287.676] (**) Sleep Button: always reports core events
[  1287.676] (**) Option "Device" "/dev/input/event0"
[  1287.676] (**) Option "_source" "server/udev"
[  1287.677] (II) event0  - Sleep Button: is tagged by udev as: Keyboard
[  1287.677] (II) event0  - Sleep Button: device is a keyboard
[  1287.678] (II) event0  - Sleep Button: device removed
[  1287.678] (**) Option "config_info" "udev:/sys/devices/LNXSYSTM:00/LNXSYBUS:00/PNP0C0E:00/input/input0/event0"
[  1287.678] (II) XINPUT: Adding extended input device "Sleep Button" (type: KEYBOARD, id 9)
[  1287.678] (**) Option "xkb_model" "pc105"
[  1287.678] (**) Option "xkb_layout" "us"
[  1287.679] (II) event0  - Sleep Button: is tagged by udev as: Keyboard
[  1287.679] (II) event0  - Sleep Button: device is a keyboard
[  1287.681] (II) config/udev: Adding input device HP HD Camera: HP HD Camera (/dev/input/event12)
[  1287.681] (**) HP HD Camera: HP HD Camera: Applying InputClass "libinput keyboard catchall"
[  1287.681] (II) Using input driver 'libinput' for 'HP HD Camera: HP HD Camera'
[  1287.682] (II) systemd-logind: got fd for /dev/input/event12 13:76 fd 37 paused 0
[  1287.682] (**) HP HD Camera: HP HD Camera: always reports core events
[  1287.682] (**) Option "Device" "/dev/input/event12"
[  1287.682] (**) Option "_source" "server/udev"
[  1287.683] (II) event12 - HP HD Camera: HP HD Camera: is tagged by udev as: Keyboard
[  1287.683] (II) event12 - HP HD Camera: HP HD Camera: device is a keyboard
[  1287.683] (II) event12 - HP HD Camera: HP HD Camera: device removed
[  1287.683] (**) Option "config_info" "udev:/sys/devices/pci0000:00/0000:00:14.0/usb1/1-6/1-6:1.0/input/input23/event12"
[  1287.683] (II) XINPUT: Adding extended input device "HP HD Camera: HP HD Camera" (type: KEYBOARD, id 10)
[  1287.683] (**) Option "xkb_model" "pc105"
[  1287.683] (**) Option "xkb_layout" "us"
[  1287.685] (II) event12 - HP HD Camera: HP HD Camera: is tagged by udev as: Keyboard
[  1287.685] (II) event12 - HP HD Camera: HP HD Camera: device is a keyboard
[  1287.686] (II) config/udev: Adding input device SYNA3063:00 06CB:826F Mouse (/dev/input/event4)
[  1287.687] (**) SYNA3063:00 06CB:826F Mouse: Applying InputClass "libinput pointer catchall"
[  1287.687] (II) Using input driver 'libinput' for 'SYNA3063:00 06CB:826F Mouse'
[  1287.688] (II) systemd-logind: got fd for /dev/input/event4 13:68 fd 38 paused 0
[  1287.688] (**) SYNA3063:00 06CB:826F Mouse: always reports core events
[  1287.688] (**) Option "Device" "/dev/input/event4"
[  1287.688] (**) Option "_source" "server/udev"
[  1287.690] (II) event4  - SYNA3063:00 06CB:826F Mouse: is tagged by udev as: Mouse Pointingstick
[  1287.691] (II) event4  - SYNA3063:00 06CB:826F Mouse: device is a pointer
[  1287.691] (II) event4  - SYNA3063:00 06CB:826F Mouse: device removed
[  1287.691] (**) Option "config_info" "udev:/sys/devices/pci0000:00/0000:00:15.1/i2c_designware.1/i2c-2/i2c-SYNA3063:00/0018:06CB:826F.0001/input/input18/event4"
[  1287.691] (II) XINPUT: Adding extended input device "SYNA3063:00 06CB:826F Mouse" (type: MOUSE, id 11)
[  1287.691] (**) Option "AccelerationScheme" "none"
[  1287.691] (**) SYNA3063:00 06CB:826F Mouse: (accel) selected scheme none/0
[  1287.691] (**) SYNA3063:00 06CB:826F Mouse: (accel) acceleration factor: 2.000
[  1287.691] (**) SYNA3063:00 06CB:826F Mouse: (accel) acceleration threshold: 4
[  1287.693] (II) event4  - SYNA3063:00 06CB:826F Mouse: is tagged by udev as: Mouse Pointingstick
[  1287.693] (II) event4  - SYNA3063:00 06CB:826F Mouse: device is a pointer
[  1287.695] (II) config/udev: Adding input device SYNA3063:00 06CB:826F Mouse (/dev/input/mouse0)
[  1287.695] (II) No input driver specified, ignoring this device.
[  1287.695] (II) This device may have been added with another device file.
[  1287.695] (II) config/udev: Adding input device SYNA3063:00 06CB:826F Touchpad (/dev/input/event5)
[  1287.696] (**) SYNA3063:00 06CB:826F Touchpad: Applying InputClass "libinput touchpad catchall"
[  1287.696] (II) Using input driver 'libinput' for 'SYNA3063:00 06CB:826F Touchpad'
[  1287.697] (II) systemd-logind: got fd for /dev/input/event5 13:69 fd 39 paused 0
[  1287.697] (**) SYNA3063:00 06CB:826F Touchpad: always reports core events
[  1287.697] (**) Option "Device" "/dev/input/event5"
[  1287.697] (**) Option "_source" "server/udev"
[  1287.699] (II) event5  - SYNA3063:00 06CB:826F Touchpad: is tagged by udev as: Touchpad
[  1287.700] (II) event5  - SYNA3063:00 06CB:826F Touchpad: device is a touchpad
[  1287.701] (II) event5  - SYNA3063:00 06CB:826F Touchpad: device removed
[  1287.701] (**) Option "config_info" "udev:/sys/devices/pci0000:00/0000:00:15.1/i2c_designware.1/i2c-2/i2c-SYNA3063:00/0018:06CB:826F.0001/input/input19/event5"
[  1287.701] (II) XINPUT: Adding extended input device "SYNA3063:00 06CB:826F Touchpad" (type: TOUCHPAD, id 12)
[  1287.702] (**) Option "AccelerationScheme" "none"
[  1287.702] (**) SYNA3063:00 06CB:826F Touchpad: (accel) selected scheme none/0
[  1287.702] (**) SYNA3063:00 06CB:826F Touchpad: (accel) acceleration factor: 2.000
[  1287.702] (**) SYNA3063:00 06CB:826F Touchpad: (accel) acceleration threshold: 4
[  1287.704] (II) event5  - SYNA3063:00 06CB:826F Touchpad: is tagged by udev as: Touchpad
[  1287.705] (II) event5  - SYNA3063:00 06CB:826F Touchpad: device is a touchpad
[  1287.706] (II) config/udev: Adding input device SYNA3063:00 06CB:826F Touchpad (/dev/input/mouse1)
[  1287.706] (II) No input driver specified, ignoring this device.
[  1287.706] (II) This device may have been added with another device file.
[  1287.707] (II) config/udev: Adding input device HDA Intel PCH Mic (/dev/input/event13)
[  1287.707] (II) No input driver specified, ignoring this device.
[  1287.707] (II) This device may have been added with another device file.
[  1287.708] (II) config/udev: Adding input device HDA Intel PCH Headphone (/dev/input/event14)
[  1287.708] (II) No input driver specified, ignoring this device.
[  1287.708] (II) This device may have been added with another device file.
[  1287.708] (II) config/udev: Adding input device HDA Intel PCH HDMI/DP,pcm=3 (/dev/input/event15)
[  1287.709] (II) No input driver specified, ignoring this device.
[  1287.709] (II) This device may have been added with another device file.
[  1287.709] (II) config/udev: Adding input device HDA Intel PCH HDMI/DP,pcm=7 (/dev/input/event16)
[  1287.709] (II) No input driver specified, ignoring this device.
[  1287.709] (II) This device may have been added with another device file.
[  1287.710] (II) config/udev: Adding input device HDA Intel PCH HDMI/DP,pcm=8 (/dev/input/event17)
[  1287.710] (II) No input driver specified, ignoring this device.
[  1287.710] (II) This device may have been added with another device file.
[  1287.711] (II) config/udev: Adding input device HDA Intel PCH HDMI/DP,pcm=9 (/dev/input/event18)
[  1287.711] (II) No input driver specified, ignoring this device.
[  1287.711] (II) This device may have been added with another device file.
[  1287.711] (II) config/udev: Adding input device HDA Intel PCH HDMI/DP,pcm=10 (/dev/input/event19)
[  1287.711] (II) No input driver specified, ignoring this device.
[  1287.711] (II) This device may have been added with another device file.
[  1287.712] (II) config/udev: Adding input device AT Translated Set 2 keyboard (/dev/input/event3)
[  1287.712] (**) AT Translated Set 2 keyboard: Applying InputClass "libinput keyboard catchall"
[  1287.712] (II) Using input driver 'libinput' for 'AT Translated Set 2 keyboard'
[  1287.713] (II) systemd-logind: got fd for /dev/input/event3 13:67 fd 40 paused 0
[  1287.713] (**) AT Translated Set 2 keyboard: always reports core events
[  1287.713] (**) Option "Device" "/dev/input/event3"
[  1287.713] (**) Option "_source" "server/udev"
[  1287.715] (II) event3  - AT Translated Set 2 keyboard: is tagged by udev as: Keyboard
[  1287.715] (II) event3  - AT Translated Set 2 keyboard: device is a keyboard
[  1287.716] (II) event3  - AT Translated Set 2 keyboard: device removed
[  1287.716] (**) Option "config_info" "udev:/sys/devices/platform/i8042/serio0/input/input3/event3"
[  1287.716] (II) XINPUT: Adding extended input device "AT Translated Set 2 keyboard" (type: KEYBOARD, id 13)
[  1287.716] (**) Option "xkb_model" "pc105"
[  1287.716] (**) Option "xkb_layout" "us"
[  1287.717] (II) event3  - AT Translated Set 2 keyboard: is tagged by udev as: Keyboard
[  1287.717] (II) event3  - AT Translated Set 2 keyboard: device is a keyboard
[  1287.718] (II) config/udev: Adding input device SynPS/2 Synaptics TouchPad (/dev/input/event6)
[  1287.718] (**) SynPS/2 Synaptics TouchPad: Applying InputClass "libinput touchpad catchall"
[  1287.718] (II) Using input driver 'libinput' for 'SynPS/2 Synaptics TouchPad'
[  1287.720] (II) systemd-logind: got fd for /dev/input/event6 13:70 fd 41 paused 0
[  1287.720] (**) SynPS/2 Synaptics TouchPad: always reports core events
[  1287.720] (**) Option "Device" "/dev/input/event6"
[  1287.720] (**) Option "_source" "server/udev"
[  1287.721] (II) event6  - SynPS/2 Synaptics TouchPad: is tagged by udev as: Touchpad
[  1287.721] (II) event6  - SynPS/2 Synaptics TouchPad: no resolution or size hints, assuming a size of 69x50mm
[  1287.722] (II) event6  - SynPS/2 Synaptics TouchPad: device is a touchpad
[  1287.723] (II) event6  - SynPS/2 Synaptics TouchPad: device removed
[  1287.723] (**) Option "config_info" "udev:/sys/devices/platform/i8042/serio3/input/input10/event6"
[  1287.723] (II) XINPUT: Adding extended input device "SynPS/2 Synaptics TouchPad" (type: TOUCHPAD, id 14)
[  1287.724] (**) Option "AccelerationScheme" "none"
[  1287.724] (**) SynPS/2 Synaptics TouchPad: (accel) selected scheme none/0
[  1287.724] (**) SynPS/2 Synaptics TouchPad: (accel) acceleration factor: 2.000
[  1287.724] (**) SynPS/2 Synaptics TouchPad: (accel) acceleration threshold: 4
[  1287.725] (II) event6  - SynPS/2 Synaptics TouchPad: is tagged by udev as: Touchpad
[  1287.725] (II) event6  - SynPS/2 Synaptics TouchPad: no resolution or size hints, assuming a size of 69x50mm
[  1287.726] (II) event6  - SynPS/2 Synaptics TouchPad: device is a touchpad
[  1287.727] (II) config/udev: Adding input device SynPS/2 Synaptics TouchPad (/dev/input/mouse2)
[  1287.727] (II) No input driver specified, ignoring this device.
[  1287.727] (II) This device may have been added with another device file.
[  1287.727] (II) config/udev: Adding input device ST LIS3LV02DL Accelerometer (/dev/input/event9)
[  1287.728] (II) No input driver specified, ignoring this device.
[  1287.728] (II) This device may have been added with another device file.
[  1287.728] (II) config/udev: Adding input device ST LIS3LV02DL Accelerometer (/dev/input/js0)
[  1287.728] (II) No input driver specified, ignoring this device.
[  1287.728] (II) This device may have been added with another device file.
[  1287.731] (II) config/udev: Adding input device HP Wireless hotkeys (/dev/input/event7)
[  1287.731] (**) HP Wireless hotkeys: Applying InputClass "libinput keyboard catchall"
[  1287.731] (II) Using input driver 'libinput' for 'HP Wireless hotkeys'
[  1287.732] (II) systemd-logind: got fd for /dev/input/event7 13:71 fd 42 paused 0
[  1287.732] (**) HP Wireless hotkeys: always reports core events
[  1287.732] (**) Option "Device" "/dev/input/event7"
[  1287.732] (**) Option "_source" "server/udev"
[  1287.733] (II) event7  - HP Wireless hotkeys: is tagged by udev as: Keyboard
[  1287.733] (II) event7  - HP Wireless hotkeys: device is a keyboard
[  1287.733] (II) event7  - HP Wireless hotkeys: device removed
[  1287.733] (**) Option "config_info" "udev:/sys/devices/virtual/input/input15/event7"
[  1287.734] (II) XINPUT: Adding extended input device "HP Wireless hotkeys" (type: KEYBOARD, id 15)
[  1287.734] (**) Option "xkb_model" "pc105"
[  1287.734] (**) Option "xkb_layout" "us"
[  1287.735] (II) event7  - HP Wireless hotkeys: is tagged by udev as: Keyboard
[  1287.735] (II) event7  - HP Wireless hotkeys: device is a keyboard
[  1287.735] (II) config/udev: Adding input device HP WMI hotkeys (/dev/input/event8)
[  1287.735] (**) HP WMI hotkeys: Applying InputClass "libinput keyboard catchall"
[  1287.735] (II) Using input driver 'libinput' for 'HP WMI hotkeys'
[  1287.737] (II) systemd-logind: got fd for /dev/input/event8 13:72 fd 43 paused 0
[  1287.737] (**) HP WMI hotkeys: always reports core events
[  1287.737] (**) Option "Device" "/dev/input/event8"
[  1287.737] (**) Option "_source" "server/udev"
[  1287.738] (II) event8  - HP WMI hotkeys: is tagged by udev as: Keyboard Switch
[  1287.738] (II) event8  - HP WMI hotkeys: device is a keyboard
[  1287.738] (II) event8  - HP WMI hotkeys: device removed
[  1287.738] (**) Option "config_info" "udev:/sys/devices/virtual/input/input16/event8"
[  1287.738] (II) XINPUT: Adding extended input device "HP WMI hotkeys" (type: KEYBOARD, id 16)
[  1287.738] (**) Option "xkb_model" "pc105"
[  1287.738] (**) Option "xkb_layout" "us"
[  1287.739] (II) event8  - HP WMI hotkeys: is tagged by udev as: Keyboard Switch
[  1287.739] (II) event8  - HP WMI hotkeys: device is a keyboard
[  1291.735] (II) modeset(0): EDID vendor "AUO", prod id 16877
[  1291.735] (II) modeset(0): Printing DDC gathered Modelines:
[  1291.735] (II) modeset(0): Modeline "1920x1080"x0.0  141.00  1920 2028 2076 2100  1080 1090 1100 1118 -hsync -vsync (67.1 kHz eP)
[  1291.735] (II) modeset(0): Modeline "1920x1080"x0.0   94.00  1920 2028 2076 2100  1080 1090 1100 1118 -hsync -vsync (44.8 kHz e)
[  1318.625] (EE) event5  - SYNA3063:00 06CB:826F Touchpad: kernel bug: Touch jump detected and discarded.
See https://wayland.freedesktop.org/libinput/doc/1.15.5/touchpad-jumping-cursors.html for details
[  1322.169] (EE) event5  - SYNA3063:00 06CB:826F Touchpad: kernel bug: Touch jump detected and discarded.
See https://wayland.freedesktop.org/libinput/doc/1.15.5/touchpad-jumping-cursors.html for details
[  1322.201] (EE) event5  - SYNA3063:00 06CB:826F Touchpad: kernel bug: Touch jump detected and discarded.
See https://wayland.freedesktop.org/libinput/doc/1.15.5/touchpad-jumping-cursors.html for details
