[2021-03-20 11:55:14.344] [exthost] [info] extension host started
[2021-03-20 11:55:14.439] [exthost] [info] ExtensionService#_doActivateExtension vscode.microsoft-authentication {"startup":false,"extensionId":{"value":"vscode.microsoft-authentication","_lower":"vscode.microsoft-authentication"},"activationEvent":"onAuthenticationRequest:microsoft"}
[2021-03-20 11:55:14.440] [exthost] [info] ExtensionService#loadCommonJSModule file:///snap/code/59/usr/share/code/resources/app/extensions/microsoft-authentication/dist/extension.js
[2021-03-20 11:55:14.448] [exthost] [info] ExtensionService#_doActivateExtension vscode.debug-auto-launch {"startup":true,"extensionId":{"value":"vscode.debug-auto-launch","_lower":"vscode.debug-auto-launch"},"activationEvent":"*"}
[2021-03-20 11:55:14.448] [exthost] [info] ExtensionService#loadCommonJSModule file:///snap/code/59/usr/share/code/resources/app/extensions/debug-auto-launch/dist/extension
[2021-03-20 11:55:14.451] [exthost] [info] ExtensionService#_doActivateExtension vscode.git {"startup":true,"extensionId":{"value":"vscode.github","_lower":"vscode.github"},"activationEvent":"*"}
[2021-03-20 11:55:14.451] [exthost] [info] ExtensionService#loadCommonJSModule file:///snap/code/59/usr/share/code/resources/app/extensions/git/dist/main
[2021-03-20 11:55:14.469] [exthost] [info] ExtensionService#_doActivateExtension ecmel.vscode-html-css {"startup":true,"extensionId":{"value":"ecmel.vscode-html-css","_lower":"ecmel.vscode-html-css"},"activationEvent":"*"}
[2021-03-20 11:55:14.469] [exthost] [info] ExtensionService#loadCommonJSModule file:///home/suhamohammed/.vscode/extensions/ecmel.vscode-html-css-1.10.2/dist/extension.js
[2021-03-20 11:55:14.486] [exthost] [info] ExtensionService#_doActivateExtension ritwickdey.LiveServer {"startup":true,"extensionId":{"value":"ritwickdey.LiveServer","_lower":"ritwickdey.liveserver"},"activationEvent":"*"}
[2021-03-20 11:55:14.486] [exthost] [info] ExtensionService#loadCommonJSModule file:///home/suhamohammed/.vscode/extensions/ritwickdey.liveserver-5.6.1/out/src/extension
[2021-03-20 11:55:14.871] [exthost] [info] ExtensionService#_doActivateExtension vscode.github {"startup":true,"extensionId":{"value":"vscode.github","_lower":"vscode.github"},"activationEvent":"*"}
[2021-03-20 11:55:14.871] [exthost] [info] ExtensionService#loadCommonJSModule file:///snap/code/59/usr/share/code/resources/app/extensions/github/dist/extension.js
[2021-03-20 11:55:14.912] [exthost] [info] ExtensionService#_doActivateExtension ms-vscode.js-debug {"startup":false,"extensionId":{"value":"ms-vscode.js-debug","_lower":"ms-vscode.js-debug"},"activationEvent":"onCommand:extension.js-debug.clearAutoAttachVariables"}
[2021-03-20 11:55:14.912] [exthost] [info] ExtensionService#loadCommonJSModule file:///snap/code/59/usr/share/code/resources/app/extensions/ms-vscode.js-debug/src/extension.js
[2021-03-20 11:55:15.001] [exthost] [info] eager extensions activated
[2021-03-20 11:55:15.013] [exthost] [info] ExtensionService#_doActivateExtension vscode.emmet {"startup":false,"extensionId":{"value":"vscode.emmet","_lower":"vscode.emmet"},"activationEvent":"onStartupFinished"}
[2021-03-20 11:55:15.013] [exthost] [info] ExtensionService#loadCommonJSModule file:///snap/code/59/usr/share/code/resources/app/extensions/emmet/dist/node/emmetNodeMain
[2021-03-20 11:55:15.026] [exthost] [info] ExtensionService#_doActivateExtension vscode.merge-conflict {"startup":false,"extensionId":{"value":"vscode.merge-conflict","_lower":"vscode.merge-conflict"},"activationEvent":"onStartupFinished"}
[2021-03-20 11:55:15.026] [exthost] [info] ExtensionService#loadCommonJSModule file:///snap/code/59/usr/share/code/resources/app/extensions/merge-conflict/dist/mergeConflictMain
[2021-03-20 11:55:15.030] [exthost] [info] ExtensionService#_doActivateExtension vscode.testing-editor-contributions {"startup":false,"extensionId":{"value":"vscode.testing-editor-contributions","_lower":"vscode.testing-editor-contributions"},"activationEvent":"onStartupFinished"}
[2021-03-20 11:55:15.031] [exthost] [info] ExtensionService#loadCommonJSModule file:///snap/code/59/usr/share/code/resources/app/extensions/testing-editor-contributions/dist/extension.js
[2021-03-20 11:55:15.060] [exthost] [info] ExtensionService#_doActivateExtension vscode.github-authentication {"startup":false,"extensionId":{"value":"vscode.github-authentication","_lower":"vscode.github-authentication"},"activationEvent":"onAuthenticationRequest:github"}
[2021-03-20 11:55:15.060] [exthost] [info] ExtensionService#loadCommonJSModule file:///snap/code/59/usr/share/code/resources/app/extensions/github-authentication/dist/extension.js
[2021-03-20 11:55:25.059] [exthost] [info] ExtensionService#_doActivateExtension vscode.html-language-features {"startup":false,"extensionId":{"value":"vscode.html-language-features","_lower":"vscode.html-language-features"},"activationEvent":"onLanguage:html"}
[2021-03-20 11:55:25.059] [exthost] [info] ExtensionService#loadCommonJSModule file:///snap/code/59/usr/share/code/resources/app/extensions/html-language-features/client/dist/node/htmlClientMain
[2021-03-20 11:55:37.754] [exthost] [info] ExtensionService#_doActivateExtension vscode.css-language-features {"startup":false,"extensionId":{"value":"vscode.css-language-features","_lower":"vscode.css-language-features"},"activationEvent":"onLanguage:css"}
[2021-03-20 11:55:37.754] [exthost] [info] ExtensionService#loadCommonJSModule file:///snap/code/59/usr/share/code/resources/app/extensions/css-language-features/client/dist/node/cssClientMain
[2021-03-20 11:56:11.916] [exthost] [error] [ecmel.vscode-html-css] provider FAILED
[2021-03-20 11:56:11.916] [exthost] [error] undefined
[2021-03-20 11:56:28.026] [exthost] [info] ExtensionService#_doActivateExtension techer.open-in-browser {"startup":false,"extensionId":{"value":"techer.open-in-browser","_lower":"techer.open-in-browser"},"activationEvent":"onCommand:extension.openInSpecifyBrowser"}
[2021-03-20 11:56:28.026] [exthost] [info] ExtensionService#loadCommonJSModule file:///home/suhamohammed/.vscode/extensions/techer.open-in-browser-2.0.0/out/extension
[2021-03-20 11:56:39.216] [exthost] [error] [ecmel.vscode-html-css] provider FAILED
[2021-03-20 11:56:39.216] [exthost] [error] undefined
[2021-03-20 11:57:49.964] [exthost] [error] {"message":"Git error","stdout":"","stderr":"fatal: Pathspec '/home/suhamohammed/Desktop/html/web.html' is in submodule 'html'\n","exitCode":128,"gitErrorCode":"IsInSubmodule"}
[2021-03-20 11:57:49.964] [exthost] [error] {"message":"Git error","stdout":"","stderr":"fatal: Pathspec '/home/suhamohammed/Desktop/html/web.html' is in submodule 'html'\n","exitCode":128,"gitErrorCode":"IsInSubmodule"}
[2021-03-20 11:57:58.785] [exthost] [error] {"message":"Git error","stdout":"","stderr":"fatal: Pathspec '/home/suhamohammed/Desktop/html/jj.css' is in submodule 'html'\n","exitCode":128,"gitErrorCode":"IsInSubmodule"}
[2021-03-20 11:58:23.306] [exthost] [error] [ecmel.vscode-html-css] provider FAILED
[2021-03-20 11:58:23.306] [exthost] [error] undefined
[2021-03-20 11:59:26.526] [exthost] [error] [ecmel.vscode-html-css] provider FAILED
[2021-03-20 11:59:26.526] [exthost] [error] undefined
