Looking for git in: git
Using git 2.30.1 from git
> git rev-parse --git-dir
Open repository: /home/suhamohammed/Desktop
> git status -z -u
> git symbolic-ref --short HEAD
> git for-each-ref --format=%(refname)%00%(upstream:short)%00%(upstream:track)%00%(objectname) refs/heads/master refs/remotes/master
> git for-each-ref --sort -committerdate --format %(refname) %(objectname) %(*objectname)
> git remote --verbose
> git config --get commit.template
> git check-ignore -v -z --stdin
> git show --textconv :html/web.html
> git ls-files --stage -- /home/suhamohammed/Desktop/html/web.html
> git status -z -u
> git symbolic-ref --short HEAD
> git for-each-ref --format=%(refname)%00%(upstream:short)%00%(upstream:track)%00%(objectname) refs/heads/master refs/remotes/master
> git for-each-ref --sort -committerdate --format %(refname) %(objectname) %(*objectname)
> git remote --verbose
> git config --get commit.template
> git check-ignore -v -z --stdin
> git status -z -u
> git symbolic-ref --short HEAD
> git for-each-ref --format=%(refname)%00%(upstream:short)%00%(upstream:track)%00%(objectname) refs/heads/master refs/remotes/master
> git for-each-ref --sort -committerdate --format %(refname) %(objectname) %(*objectname)
> git remote --verbose
> git config --get commit.template
> git status -z -u
> git symbolic-ref --short HEAD
> git for-each-ref --format=%(refname)%00%(upstream:short)%00%(upstream:track)%00%(objectname) refs/heads/master refs/remotes/master
> git for-each-ref --sort -committerdate --format %(refname) %(objectname) %(*objectname)
> git remote --verbose
> git config --get commit.template
> git status -z -u
> git symbolic-ref --short HEAD
> git for-each-ref --format=%(refname)%00%(upstream:short)%00%(upstream:track)%00%(objectname) refs/heads/master refs/remotes/master
> git for-each-ref --sort -committerdate --format %(refname) %(objectname) %(*objectname)
> git remote --verbose
> git config --get commit.template
> git show --textconv :html/home.html
> git ls-files --stage -- /home/suhamohammed/Desktop/html/home.html
> git show --textconv :html/web.html
> git ls-files --stage -- /home/suhamohammed/Desktop/html/web.html
> git show --textconv :html/jj.css
> git ls-files --stage -- /home/suhamohammed/Desktop/html/jj.css
> git show --textconv :html/home.html
> git ls-files --stage -- /home/suhamohammed/Desktop/html/home.html
> git show --textconv :html/jj.css
> git ls-files --stage -- /home/suhamohammed/Desktop/html/jj.css
> git show --textconv :html/jj.css
> git ls-files --stage -- /home/suhamohammed/Desktop/html/jj.css
> git show --textconv :html/web.html
> git ls-files --stage -- /home/suhamohammed/Desktop/html/web.html
> git show --textconv :html/home.html
> git ls-files --stage -- /home/suhamohammed/Desktop/html/home.html
> git status -z -u
> git symbolic-ref --short HEAD
> git for-each-ref --format=%(refname)%00%(upstream:short)%00%(upstream:track)%00%(objectname) refs/heads/master refs/remotes/master
> git for-each-ref --sort -committerdate --format %(refname) %(objectname) %(*objectname)
> git remote --verbose
> git config --get commit.template
> git show --textconv :html/home.html
> git ls-files --stage -- /home/suhamohammed/Desktop/html/home.html
> git show --textconv :html/web.html
> git ls-files --stage -- /home/suhamohammed/Desktop/html/web.html
