Looking for git in: git
Using git 2.30.1 from git
> git rev-parse --git-dir
Open repository: /home/suhamohammed/Desktop
> git status -z -u
> git symbolic-ref --short HEAD
> git for-each-ref --format=%(refname)%00%(upstream:short)%00%(upstream:track)%00%(objectname) refs/heads/master refs/remotes/master
> git for-each-ref --sort -committerdate --format %(refname) %(objectname) %(*objectname)
> git remote --verbose
> git config --get commit.template
> git rev-parse --git-dir
Open repository: /home/suhamohammed
> git status -z -u
> git show --textconv :Documents/html2/main html/web.html
> git ls-files --stage -- /home/suhamohammed/Documents/html2/main html/web.html
> git cat-file -s dbb28f4058a054a4cc43056f67ff104c534cd605
> git check-ignore -v -z --stdin
> git show --textconv :Documents/html2/css/jj.css
> git ls-files --stage -- /home/suhamohammed/Documents/html2/css/jj.css
> git cat-file -s 2511f35bff79c08fb568ce634213bd10344df2ab
> git check-ignore -v -z --stdin
> git log --format=%H%n%aN%n%aE%n%at%n%ct%n%P%n%B -z -n21 -- /home/suhamohammed/Documents/html2/css/jj.css
> git log --format=%H%n%aN%n%aE%n%at%n%ct%n%P%n%B -z -n41 -- /home/suhamohammed/Documents/html2/css/jj.css
fatal: your current branch 'master' does not have any commits yet
fatal: your current branch 'master' does not have any commits yet
> git log --format=%H%n%aN%n%aE%n%at%n%ct%n%P%n%B -z -n21 -- /home/suhamohammed/Documents/html2/main html/web.html
fatal: your current branch 'master' does not have any commits yet
> git show --textconv :Documents/html2/main html/web.html
> git ls-files --stage -- /home/suhamohammed/Documents/html2/main html/web.html
> git cat-file -s dbb28f4058a054a4cc43056f67ff104c534cd605
> git show --textconv :html/web.html
> git ls-files --stage -- /home/suhamohammed/Desktop/html/web.html
> git check-ignore -v -z --stdin
> git show --textconv :html/jj.css
> git ls-files --stage -- /home/suhamohammed/Desktop/html/jj.css
> git check-ignore -v -z --stdin
> git log --format=%H%n%aN%n%aE%n%at%n%ct%n%P%n%B -z -n21 -- /home/suhamohammed/Desktop/html/jj.css
> git log --format=%H%n%aN%n%aE%n%at%n%ct%n%P%n%B -z -n41 -- /home/suhamohammed/Desktop/html/jj.css
> git log --format=%H%n%aN%n%aE%n%at%n%ct%n%P%n%B -z -n21 -- /home/suhamohammed/Desktop/html/web.html
> git show --textconv :html/web.html
> git ls-files --stage -- /home/suhamohammed/Desktop/html/web.html
> git status -z -u
> git symbolic-ref --short HEAD
> git for-each-ref --format=%(refname)%00%(upstream:short)%00%(upstream:track)%00%(objectname) refs/heads/master refs/remotes/master
> git for-each-ref --sort -committerdate --format %(refname) %(objectname) %(*objectname)
> git remote --verbose
> git config --get commit.template
> git status -z -u
> git symbolic-ref --short HEAD
> git for-each-ref --format=%(refname)%00%(upstream:short)%00%(upstream:track)%00%(objectname) refs/heads/master refs/remotes/master
> git for-each-ref --sort -committerdate --format %(refname) %(objectname) %(*objectname)
> git remote --verbose
> git config --get commit.template
> git show --textconv :Documents/html2/css/jj.css
> git ls-files --stage -- /home/suhamohammed/Documents/html2/css/jj.css
> git cat-file -s 2511f35bff79c08fb568ce634213bd10344df2ab
> git show --textconv :Documents/html2/main html/web.html
> git ls-files --stage -- /home/suhamohammed/Documents/html2/main html/web.html
> git cat-file -s dbb28f4058a054a4cc43056f67ff104c534cd605
> git log --format=%H%n%aN%n%aE%n%at%n%ct%n%P%n%B -z -n21 -- /home/suhamohammed/Documents/html2/main html/web.html
> git log --format=%H%n%aN%n%aE%n%at%n%ct%n%P%n%B -z -n41 -- /home/suhamohammed/Documents/html2/main html/web.html
fatal: your current branch 'master' does not have any commits yet
fatal: your current branch 'master' does not have any commits yet
> git log --format=%H%n%aN%n%aE%n%at%n%ct%n%P%n%B -z -n21 -- /home/suhamohammed/Documents/html2/main html/web.html
fatal: your current branch 'master' does not have any commits yet
> git show --textconv :Documents/html2/css/jj.css
> git ls-files --stage -- /home/suhamohammed/Documents/html2/css/jj.css
> git cat-file -s 2511f35bff79c08fb568ce634213bd10344df2ab
> git log --format=%H%n%aN%n%aE%n%at%n%ct%n%P%n%B -z -n21 -- /home/suhamohammed/Documents/html2/css/jj.css
> git log --format=%H%n%aN%n%aE%n%at%n%ct%n%P%n%B -z -n41 -- /home/suhamohammed/Documents/html2/css/jj.css
fatal: your current branch 'master' does not have any commits yet
fatal: your current branch 'master' does not have any commits yet
> git log --format=%H%n%aN%n%aE%n%at%n%ct%n%P%n%B -z -n21 -- /home/suhamohammed/Documents/html2/main html/web.html
fatal: your current branch 'master' does not have any commits yet
> git show --textconv :Documents/html2/main html/web.html
> git ls-files --stage -- /home/suhamohammed/Documents/html2/main html/web.html
> git cat-file -s dbb28f4058a054a4cc43056f67ff104c534cd605
> git status -z -u
> git symbolic-ref --short HEAD
> git for-each-ref --format=%(refname)%00%(upstream:short)%00%(upstream:track)%00%(objectname) refs/heads/master refs/remotes/master
> git for-each-ref --sort -committerdate --format %(refname) %(objectname) %(*objectname)
> git remote --verbose
> git config --get commit.template
> git status -z -u
> git symbolic-ref --short HEAD
> git for-each-ref --format=%(refname)%00%(upstream:short)%00%(upstream:track)%00%(objectname) refs/heads/master refs/remotes/master
> git for-each-ref --sort -committerdate --format %(refname) %(objectname) %(*objectname)
> git remote --verbose
> git config --get commit.template
> git status -z -u
> git symbolic-ref --short HEAD
> git for-each-ref --format=%(refname)%00%(upstream:short)%00%(upstream:track)%00%(objectname) refs/heads/master refs/remotes/master
> git for-each-ref --sort -committerdate --format %(refname) %(objectname) %(*objectname)
> git remote --verbose
> git config --get commit.template
> git status -z -u
> git symbolic-ref --short HEAD
> git for-each-ref --format=%(refname)%00%(upstream:short)%00%(upstream:track)%00%(objectname) refs/heads/master refs/remotes/master
> git for-each-ref --sort -committerdate --format %(refname) %(objectname) %(*objectname)
> git remote --verbose
> git config --get commit.template
> git status -z -u
> git symbolic-ref --short HEAD
> git for-each-ref --format=%(refname)%00%(upstream:short)%00%(upstream:track)%00%(objectname) refs/heads/master refs/remotes/master
> git for-each-ref --sort -committerdate --format %(refname) %(objectname) %(*objectname)
> git remote --verbose
> git config --get commit.template
